Arguments: 
  /usr/local/bin/node /opt/yarn-v1.22.19/bin/yarn.js install

PATH: 
  /project/home/pitcher-host/.nix-profile/bin:/nix/var/nix/profiles/default/bin:/project/home/pitcher-host/.local/state/fnm_multishells/1116_1686645151837/bin:/usr/share/fnm:/usr/local/sbin:/usr/local/bin:/usr/sbin:/usr/bin:/sbin:/bin

Yarn version: 
  1.22.19

Node version: 
  16.17.0

Platform: 
  linux x64

Trace: 
  SyntaxError: /project/.cache/yarn/v6/npm-formik-2.4.1-f2630b51a866c86144a5faf68d31200c9d8ceea9-integrity/node_modules/formik/.yarn-metadata.json: Unexpected end of JSON input
      at JSON.parse (<anonymous>)
      at /opt/yarn-v1.22.19/lib/cli.js:1629:59
      at Generator.next (<anonymous>)
      at step (/opt/yarn-v1.22.19/lib/cli.js:310:30)
      at /opt/yarn-v1.22.19/lib/cli.js:321:13

npm manifest: 
  {
    "name": "main-practice-dashboard",
    "version": "1.0.0",
    "description": "",
    "keywords": [],
    "main": "src/index.js",
    "dependencies": {
      "bootstrap": "5.3.0",
      "formik": "2.4.1",
      "loader-utils": "3.2.1",
      "react": "18.2.0",
      "react-bootstrap": "2.7.4",
      "react-dom": "18.2.0",
      "react-router-dom": "6.12.1",
      "react-scripts": "5.0.1",
      "yup": "1.2.0"
    },
    "devDependencies": {
      "@babel/runtime": "7.13.8",
      "typescript": "4.1.3"
    },
    "scripts": {
      "start": "react-scripts start",
      "build": "react-scripts build",
      "test": "react-scripts test --env=jsdom",
      "eject": "react-scripts eject"
    },
    "browserslist": [
      ">0.2%",
      "not dead",
      "not ie <= 11",
      "not op_mini all"
    ]
  }

yarn manifest: 
  No manifest

Lockfile: 
  No lockfile
